<?xml version="1.0" encoding="UTF-8"?>
<testng-results ignored="0" total="1" passed="1" failed="0" skipped="0">
  <reporter-output>
  </reporter-output>
  <suite started-at="2023-07-04T11:16:03 IST" name="Default suite" finished-at="2023-07-04T11:16:17 IST" duration-ms="13729">
    <groups>
    </groups>
    <test started-at="2023-07-04T11:16:03 IST" name="Default test" finished-at="2023-07-04T11:16:17 IST" duration-ms="13729">
      <class name="com.demoGlaze.DemoGlaze.SignupTest">
        <test-method signature="signupTest()[pri:0, instance:com.demoGlaze.DemoGlaze.SignupTest@1b6e1eff]" started-at="2023-07-04T11:16:03 IST" name="signupTest" finished-at="2023-07-04T11:16:17 IST" duration-ms="13681" status="PASS">
          <reporter-output>
          </reporter-output>
        </test-method> <!-- signupTest -->
      </class> <!-- com.demoGlaze.DemoGlaze.SignupTest -->
    </test> <!-- Default test -->
  </suite> <!-- Default suite -->
</testng-results>
