<?xml version="1.0" encoding="UTF-8"?>
<testng-results ignored="0" total="1" passed="1" failed="0" skipped="0">
  <reporter-output>
  </reporter-output>
  <suite started-at="2023-07-05T14:39:58 IST" name="Default suite" finished-at="2023-07-05T14:40:35 IST" duration-ms="37614">
    <groups>
    </groups>
    <test started-at="2023-07-05T14:39:58 IST" name="Default test" finished-at="2023-07-05T14:40:35 IST" duration-ms="37614">
      <class name="com.demoGlaze.DemoGlaze.PlaceOrder">
        <test-method signature="placingOrderTest()[pri:0, instance:com.demoGlaze.DemoGlaze.PlaceOrder@1b6e1eff]" started-at="2023-07-05T14:39:58 IST" name="placingOrderTest" finished-at="2023-07-05T14:40:35 IST" duration-ms="37533" status="PASS">
          <reporter-output>
          </reporter-output>
        </test-method> <!-- placingOrderTest -->
      </class> <!-- com.demoGlaze.DemoGlaze.PlaceOrder -->
    </test> <!-- Default test -->
  </suite> <!-- Default suite -->
</testng-results>
